WARNING: LD_LIBRARY_PATH_modshare exists ( /usr/local/graphviz-5.0.1/lib:1:/usr/local/jdk-11.0.12/lib:1 ), but LD_LIBRARY_PATH doesn't. Environment is corrupted.
Max sample count has not been reached. Proceeding...
None of the currently running jobs has finished. Will check again in 1 hour.
job 16999 at Tue Jul  4 19:44:00 2023
WARNING: LD_LIBRARY_PATH_modshare exists ( /usr/local/graphviz-5.0.1/lib:1:/usr/local/jdk-11.0.12/lib:1 ), but LD_LIBRARY_PATH doesn't. Environment is corrupted.
Max sample count has not been reached. Proceeding...
None of the currently running jobs has finished. Will check again in 1 hour.
job 17000 at Tue Jul  4 20:44:00 2023
WARNING: LD_LIBRARY_PATH_modshare exists ( /usr/local/graphviz-5.0.1/lib:1:/usr/local/jdk-11.0.12/lib:1 ), but LD_LIBRARY_PATH doesn't. Environment is corrupted.
Max sample count has not been reached. Proceeding...
None of the currently running jobs has finished. Will check again in 1 hour.
job 17001 at Tue Jul  4 21:44:00 2023
WARNING: LD_LIBRARY_PATH_modshare exists ( /usr/local/graphviz-5.0.1/lib:1:/usr/local/jdk-11.0.12/lib:1 ), but LD_LIBRARY_PATH doesn't. Environment is corrupted.
Max sample count has not been reached. Proceeding...
None of the currently running jobs has finished. Will check again in 1 hour.
job 17002 at Tue Jul  4 22:44:00 2023
WARNING: LD_LIBRARY_PATH_modshare exists ( /usr/local/graphviz-5.0.1/lib:1:/usr/local/jdk-11.0.12/lib:1 ), but LD_LIBRARY_PATH doesn't. Environment is corrupted.
Max sample count has not been reached. Proceeding...
None of the currently running jobs has finished. Will check again in 1 hour.
job 17003 at Tue Jul  4 23:44:00 2023
WARNING: LD_LIBRARY_PATH_modshare exists ( /usr/local/graphviz-5.0.1/lib:1:/usr/local/jdk-11.0.12/lib:1 ), but LD_LIBRARY_PATH doesn't. Environment is corrupted.
Max sample count has not been reached. Proceeding...
None of the currently running jobs has finished. Will check again in 1 hour.
job 17004 at Wed Jul  5 00:44:00 2023
WARNING: LD_LIBRARY_PATH_modshare exists ( /usr/local/graphviz-5.0.1/lib:1:/usr/local/jdk-11.0.12/lib:1 ), but LD_LIBRARY_PATH doesn't. Environment is corrupted.
Max sample count has not been reached. Proceeding...
None of the currently running jobs has finished. Will check again in 1 hour.
job 17005 at Wed Jul  5 01:44:00 2023
WARNING: LD_LIBRARY_PATH_modshare exists ( /usr/local/graphviz-5.0.1/lib:1:/usr/local/jdk-11.0.12/lib:1 ), but LD_LIBRARY_PATH doesn't. Environment is corrupted.
Max sample count has not been reached. Proceeding...
None of the currently running jobs has finished. Will check again in 1 hour.
job 17006 at Wed Jul  5 02:44:00 2023
WARNING: LD_LIBRARY_PATH_modshare exists ( /usr/local/graphviz-5.0.1/lib:1:/usr/local/jdk-11.0.12/lib:1 ), but LD_LIBRARY_PATH doesn't. Environment is corrupted.
Max sample count has not been reached. Proceeding...
None of the currently running jobs has finished. Will check again in 1 hour.
job 17007 at Wed Jul  5 03:44:00 2023
WARNING: LD_LIBRARY_PATH_modshare exists ( /usr/local/graphviz-5.0.1/lib:1:/usr/local/jdk-11.0.12/lib:1 ), but LD_LIBRARY_PATH doesn't. Environment is corrupted.
Max sample count has not been reached. Proceeding...
None of the currently running jobs has finished. Will check again in 1 hour.
job 17008 at Wed Jul  5 04:44:00 2023
WARNING: LD_LIBRARY_PATH_modshare exists ( /usr/local/graphviz-5.0.1/lib:1:/usr/local/jdk-11.0.12/lib:1 ), but LD_LIBRARY_PATH doesn't. Environment is corrupted.
Max sample count has not been reached. Proceeding...
None of the currently running jobs has finished. Will check again in 1 hour.
job 17009 at Wed Jul  5 05:44:00 2023
WARNING: LD_LIBRARY_PATH_modshare exists ( /usr/local/graphviz-5.0.1/lib:1:/usr/local/jdk-11.0.12/lib:1 ), but LD_LIBRARY_PATH doesn't. Environment is corrupted.
Max sample count has not been reached. Proceeding...
None of the currently running jobs has finished. Will check again in 1 hour.
job 17010 at Wed Jul  5 06:44:00 2023
WARNING: LD_LIBRARY_PATH_modshare exists ( /usr/local/graphviz-5.0.1/lib:1:/usr/local/jdk-11.0.12/lib:1 ), but LD_LIBRARY_PATH doesn't. Environment is corrupted.
Max sample count has not been reached. Proceeding...
None of the currently running jobs has finished. Will check again in 1 hour.
job 17011 at Wed Jul  5 07:44:00 2023
WARNING: LD_LIBRARY_PATH_modshare exists ( /usr/local/graphviz-5.0.1/lib:1:/usr/local/jdk-11.0.12/lib:1 ), but LD_LIBRARY_PATH doesn't. Environment is corrupted.
Max sample count has not been reached. Proceeding...
None of the currently running jobs has finished. Will check again in 1 hour.
job 17012 at Wed Jul  5 08:44:00 2023
WARNING: LD_LIBRARY_PATH_modshare exists ( /usr/local/graphviz-5.0.1/lib:1:/usr/local/jdk-11.0.12/lib:1 ), but LD_LIBRARY_PATH doesn't. Environment is corrupted.
Max sample count has not been reached. Proceeding...
None of the currently running jobs has finished. Will check again in 1 hour.
job 17013 at Wed Jul  5 09:44:00 2023
WARNING: LD_LIBRARY_PATH_modshare exists ( /usr/local/graphviz-5.0.1/lib:1:/usr/local/jdk-11.0.12/lib:1 ), but LD_LIBRARY_PATH doesn't. Environment is corrupted.
Max sample count has not been reached. Proceeding...
None of the currently running jobs has finished. Will check again in 1 hour.
job 17014 at Wed Jul  5 10:44:00 2023
WARNING: LD_LIBRARY_PATH_modshare exists ( /usr/local/graphviz-5.0.1/lib:1:/usr/local/jdk-11.0.12/lib:1 ), but LD_LIBRARY_PATH doesn't. Environment is corrupted.
Max sample count has not been reached. Proceeding...
Number of metadata.json files indicating finished jobs: 1
The current batch of submitted jobs are still running. Will check again in 1 hour.
Number of metadata.json files indicating finished jobs: 1
job 17015 at Wed Jul  5 11:44:00 2023
