Dataset json directory exists. Proceeding...
Pipeline output directory for 97JL7Q3 did not exist so it has been created. Proceeding...
Number of json files in the target directory: 34
Sample ID: sample29
Local output directory: /scratch/users/ntu/suffiazi/outputs/encd-atac-pipe-raw-out/97JL7Q3/97JL7Q3_sample29
2023-10-01 12:41:11,649|caper.hpc|INFO| Running shell command: qsub -P 12003580 -l select=1:ncpus=4:mpiprocs=4:mem=200GB -l walltime=24:00:00 -V -N CAPER_97JL7Q3_sample29 /home/users/ntu/suffiazi/ar9v46qk.sh
3001251.pbs101
Submitted job number 1: /home/users/ntu/suffiazi/scripts/atac-seq-workflow-scripts/output_files/json/97JL7Q3_TCGA-KIRP/97JL7Q3_TCGA-KIRP_sample29.json in if-block 0
Sample ID: sample16
Local output directory: /scratch/users/ntu/suffiazi/outputs/encd-atac-pipe-raw-out/97JL7Q3/97JL7Q3_sample16
2023-10-01 12:41:15,164|caper.hpc|INFO| Running shell command: qsub -P 12003580 -l select=1:ncpus=4:mpiprocs=4:mem=200GB -l walltime=24:00:00 -V -N CAPER_97JL7Q3_sample16 /home/users/ntu/suffiazi/9dnt5yhv.sh
3001252.pbs101
Submitted job number 2: /home/users/ntu/suffiazi/scripts/atac-seq-workflow-scripts/output_files/json/97JL7Q3_TCGA-KIRP/97JL7Q3_TCGA-KIRP_sample16.json in elif-block 1
Sample ID: sample15
Local output directory: /scratch/users/ntu/suffiazi/outputs/encd-atac-pipe-raw-out/97JL7Q3/97JL7Q3_sample15
2023-10-01 12:41:19,988|caper.hpc|INFO| Running shell command: qsub -P 12003580 -l select=1:ncpus=4:mpiprocs=4:mem=200GB -l walltime=24:00:00 -V -N CAPER_97JL7Q3_sample15 /home/users/ntu/suffiazi/k6_vy36p.sh
3001253.pbs101
Submitted job number 3: /home/users/ntu/suffiazi/scripts/atac-seq-workflow-scripts/output_files/json/97JL7Q3_TCGA-KIRP/97JL7Q3_TCGA-KIRP_sample15.json in elif-block 1
Sample ID: sample3
Local output directory: /scratch/users/ntu/suffiazi/outputs/encd-atac-pipe-raw-out/97JL7Q3/97JL7Q3_sample3
2023-10-01 12:41:23,322|caper.hpc|INFO| Running shell command: qsub -P 12003580 -l select=1:ncpus=4:mpiprocs=4:mem=200GB -l walltime=24:00:00 -V -N CAPER_97JL7Q3_sample3 /home/users/ntu/suffiazi/bzn7a232.sh
3001254.pbs101
Submitted job number 4: /home/users/ntu/suffiazi/scripts/atac-seq-workflow-scripts/output_files/json/97JL7Q3_TCGA-KIRP/97JL7Q3_TCGA-KIRP_sample3.json in elif-block 1
Sample ID: sample4
Local output directory: /scratch/users/ntu/suffiazi/outputs/encd-atac-pipe-raw-out/97JL7Q3/97JL7Q3_sample4
2023-10-01 12:41:26,600|caper.hpc|INFO| Running shell command: qsub -P 12003580 -l select=1:ncpus=4:mpiprocs=4:mem=200GB -l walltime=24:00:00 -V -N CAPER_97JL7Q3_sample4 /home/users/ntu/suffiazi/kavpsxmo.sh
3001255.pbs101
Submitted job number 5: /home/users/ntu/suffiazi/scripts/atac-seq-workflow-scripts/output_files/json/97JL7Q3_TCGA-KIRP/97JL7Q3_TCGA-KIRP_sample4.json in elif-block 1
Sample ID: sample7
Local output directory: /scratch/users/ntu/suffiazi/outputs/encd-atac-pipe-raw-out/97JL7Q3/97JL7Q3_sample7
2023-10-01 12:41:30,344|caper.hpc|INFO| Running shell command: qsub -P 12003580 -l select=1:ncpus=4:mpiprocs=4:mem=200GB -l walltime=24:00:00 -V -N CAPER_97JL7Q3_sample7 /home/users/ntu/suffiazi/05j84hkn.sh
3001256.pbs101
Submitted job number 6: /home/users/ntu/suffiazi/scripts/atac-seq-workflow-scripts/output_files/json/97JL7Q3_TCGA-KIRP/97JL7Q3_TCGA-KIRP_sample7.json in elif-block 1
Sample ID: sample23
Local output directory: /scratch/users/ntu/suffiazi/outputs/encd-atac-pipe-raw-out/97JL7Q3/97JL7Q3_sample23
2023-10-01 12:41:34,075|caper.hpc|INFO| Running shell command: qsub -P 12003580 -l select=1:ncpus=4:mpiprocs=4:mem=200GB -l walltime=24:00:00 -V -N CAPER_97JL7Q3_sample23 /home/users/ntu/suffiazi/r5sh_h3t.sh
3001260.pbs101
Submitted job number 7: /home/users/ntu/suffiazi/scripts/atac-seq-workflow-scripts/output_files/json/97JL7Q3_TCGA-KIRP/97JL7Q3_TCGA-KIRP_sample23.json in elif-block 1
Sample ID: sample24
Local output directory: /scratch/users/ntu/suffiazi/outputs/encd-atac-pipe-raw-out/97JL7Q3/97JL7Q3_sample24
2023-10-01 12:41:37,515|caper.hpc|INFO| Running shell command: qsub -P 12003580 -l select=1:ncpus=4:mpiprocs=4:mem=200GB -l walltime=24:00:00 -V -N CAPER_97JL7Q3_sample24 /home/users/ntu/suffiazi/jbmwij_a.sh
3001261.pbs101
Submitted job number 8: /home/users/ntu/suffiazi/scripts/atac-seq-workflow-scripts/output_files/json/97JL7Q3_TCGA-KIRP/97JL7Q3_TCGA-KIRP_sample24.json in elif-block 1
Sample ID: sample17
Local output directory: /scratch/users/ntu/suffiazi/outputs/encd-atac-pipe-raw-out/97JL7Q3/97JL7Q3_sample17
2023-10-01 12:41:40,562|caper.hpc|INFO| Running shell command: qsub -P 12003580 -l select=1:ncpus=4:mpiprocs=4:mem=200GB -l walltime=24:00:00 -V -N CAPER_97JL7Q3_sample17 /home/users/ntu/suffiazi/avvg5ksw.sh
3001262.pbs101
Submitted job number 9: /home/users/ntu/suffiazi/scripts/atac-seq-workflow-scripts/output_files/json/97JL7Q3_TCGA-KIRP/97JL7Q3_TCGA-KIRP_sample17.json in elif-block 1
Sample ID: sample9
Local output directory: /scratch/users/ntu/suffiazi/outputs/encd-atac-pipe-raw-out/97JL7Q3/97JL7Q3_sample9
2023-10-01 12:41:43,852|caper.hpc|INFO| Running shell command: qsub -P 12003580 -l select=1:ncpus=4:mpiprocs=4:mem=200GB -l walltime=24:00:00 -V -N CAPER_97JL7Q3_sample9 /home/users/ntu/suffiazi/ny4gh4nd.sh
3001263.pbs101
Submitted job number 10: /home/users/ntu/suffiazi/scripts/atac-seq-workflow-scripts/output_files/json/97JL7Q3_TCGA-KIRP/97JL7Q3_TCGA-KIRP_sample9.json in elif-block 1
Sample ID: sample8
Local output directory: /scratch/users/ntu/suffiazi/outputs/encd-atac-pipe-raw-out/97JL7Q3/97JL7Q3_sample8
2023-10-01 12:41:47,275|caper.hpc|INFO| Running shell command: qsub -P 12003580 -l select=1:ncpus=4:mpiprocs=4:mem=200GB -l walltime=24:00:00 -V -N CAPER_97JL7Q3_sample8 /home/users/ntu/suffiazi/tx3zoz7f.sh
3001264.pbs101
Submitted job number 11: /home/users/ntu/suffiazi/scripts/atac-seq-workflow-scripts/output_files/json/97JL7Q3_TCGA-KIRP/97JL7Q3_TCGA-KIRP_sample8.json in elif-block 1
Sample ID: sample2
Local output directory: /scratch/users/ntu/suffiazi/outputs/encd-atac-pipe-raw-out/97JL7Q3/97JL7Q3_sample2
2023-10-01 12:41:50,667|caper.hpc|INFO| Running shell command: qsub -P 12003580 -l select=1:ncpus=4:mpiprocs=4:mem=200GB -l walltime=24:00:00 -V -N CAPER_97JL7Q3_sample2 /home/users/ntu/suffiazi/um_f7yzp.sh
3001265.pbs101
Submitted job number 12: /home/users/ntu/suffiazi/scripts/atac-seq-workflow-scripts/output_files/json/97JL7Q3_TCGA-KIRP/97JL7Q3_TCGA-KIRP_sample2.json in elif-block 1
Sample ID: sample22
Local output directory: /scratch/users/ntu/suffiazi/outputs/encd-atac-pipe-raw-out/97JL7Q3/97JL7Q3_sample22
2023-10-01 12:41:54,270|caper.hpc|INFO| Running shell command: qsub -P 12003580 -l select=1:ncpus=4:mpiprocs=4:mem=200GB -l walltime=24:00:00 -V -N CAPER_97JL7Q3_sample22 /home/users/ntu/suffiazi/_xx3i8ie.sh
3001266.pbs101
Submitted job number 13: /home/users/ntu/suffiazi/scripts/atac-seq-workflow-scripts/output_files/json/97JL7Q3_TCGA-KIRP/97JL7Q3_TCGA-KIRP_sample22.json in elif-block 1
Sample ID: sample5
Local output directory: /scratch/users/ntu/suffiazi/outputs/encd-atac-pipe-raw-out/97JL7Q3/97JL7Q3_sample5
2023-10-01 12:41:57,944|caper.hpc|INFO| Running shell command: qsub -P 12003580 -l select=1:ncpus=4:mpiprocs=4:mem=200GB -l walltime=24:00:00 -V -N CAPER_97JL7Q3_sample5 /home/users/ntu/suffiazi/eyrf97gd.sh
3001267.pbs101
Submitted job number 14: /home/users/ntu/suffiazi/scripts/atac-seq-workflow-scripts/output_files/json/97JL7Q3_TCGA-KIRP/97JL7Q3_TCGA-KIRP_sample5.json in elif-block 1
Sample ID: sample12
Local output directory: /scratch/users/ntu/suffiazi/outputs/encd-atac-pipe-raw-out/97JL7Q3/97JL7Q3_sample12
2023-10-01 12:42:01,444|caper.hpc|INFO| Running shell command: qsub -P 12003580 -l select=1:ncpus=4:mpiprocs=4:mem=200GB -l walltime=24:00:00 -V -N CAPER_97JL7Q3_sample12 /home/users/ntu/suffiazi/rnez4i5f.sh
3001268.pbs101
Submitted job number 15: /home/users/ntu/suffiazi/scripts/atac-seq-workflow-scripts/output_files/json/97JL7Q3_TCGA-KIRP/97JL7Q3_TCGA-KIRP_sample12.json in elif-block 1
Sample ID: sample6
Local output directory: /scratch/users/ntu/suffiazi/outputs/encd-atac-pipe-raw-out/97JL7Q3/97JL7Q3_sample6
2023-10-01 12:42:04,754|caper.hpc|INFO| Running shell command: qsub -P 12003580 -l select=1:ncpus=4:mpiprocs=4:mem=200GB -l walltime=24:00:00 -V -N CAPER_97JL7Q3_sample6 /home/users/ntu/suffiazi/0gr175a6.sh
3001269.pbs101
Submitted job number 16: /home/users/ntu/suffiazi/scripts/atac-seq-workflow-scripts/output_files/json/97JL7Q3_TCGA-KIRP/97JL7Q3_TCGA-KIRP_sample6.json in elif-block 1
Sample ID: sample13
Local output directory: /scratch/users/ntu/suffiazi/outputs/encd-atac-pipe-raw-out/97JL7Q3/97JL7Q3_sample13
2023-10-01 12:42:07,803|caper.hpc|INFO| Running shell command: qsub -P 12003580 -l select=1:ncpus=4:mpiprocs=4:mem=200GB -l walltime=24:00:00 -V -N CAPER_97JL7Q3_sample13 /home/users/ntu/suffiazi/2xntl3vh.sh
3001270.pbs101
Submitted job number 17: /home/users/ntu/suffiazi/scripts/atac-seq-workflow-scripts/output_files/json/97JL7Q3_TCGA-KIRP/97JL7Q3_TCGA-KIRP_sample13.json in elif-block 2
Max jobs at a time have been submitted.
Current count is 17
Current sample count is 17
warning: commands will be executed using /bin/sh
job 48 at Sun Oct  1 13:42:00 2023
Watcher script has been scheduled to run in 1 hour.
Max sample count has not been reached.
The current batch of submitted jobs are still running. Will check again in 1 hour.
Number of metadata.json files indicating finished jobs: 0
warning: commands will be executed using /bin/sh
job 49 at Sun Oct  1 14:42:00 2023
Max sample count has not been reached.
The current batch of submitted jobs are still running. Will check again in 1 hour.
Number of metadata.json files indicating finished jobs: 0
warning: commands will be executed using /bin/sh
job 50 at Sun Oct  1 15:42:00 2023
Max sample count has not been reached.
The current batch of submitted jobs are still running. Will check again in 1 hour.
Number of metadata.json files indicating finished jobs: 0
warning: commands will be executed using /bin/sh
job 51 at Sun Oct  1 16:42:00 2023
Max sample count has not been reached.
The current batch of submitted jobs are still running. Will check again in 1 hour.
Number of metadata.json files indicating finished jobs: 0
warning: commands will be executed using /bin/sh
job 52 at Sun Oct  1 17:42:00 2023
Max sample count has not been reached.
The current batch of submitted jobs are still running. Will check again in 1 hour.
Number of metadata.json files indicating finished jobs: 0
warning: commands will be executed using /bin/sh
job 53 at Sun Oct  1 18:42:00 2023
Max sample count has not been reached.
The current batch of submitted jobs are still running. Will check again in 1 hour.
/scratch/users/ntu/suffiazi/outputs/encd-atac-pipe-raw-out/97JL7Q3/97JL7Q3_sample13/atac/16b98c83-0ee1-499b-8749-7c6af0ad93b5/metadata.json:    "status": "Succeeded",
/scratch/users/ntu/suffiazi/outputs/encd-atac-pipe-raw-out/97JL7Q3/97JL7Q3_sample22/atac/472b7530-64ce-46c7-a893-45e7a027b29b/metadata.json:    "status": "Succeeded",
/scratch/users/ntu/suffiazi/outputs/encd-atac-pipe-raw-out/97JL7Q3/97JL7Q3_sample23/atac/546ae45a-ec44-4dac-a27b-adc31d2553a1/metadata.json:    "status": "Succeeded",
/scratch/users/ntu/suffiazi/outputs/encd-atac-pipe-raw-out/97JL7Q3/97JL7Q3_sample29/atac/ed00842e-da60-42b3-b954-bfcc1e22551f/metadata.json:    "status": "Succeeded",
/scratch/users/ntu/suffiazi/outputs/encd-atac-pipe-raw-out/97JL7Q3/97JL7Q3_sample2/atac/d8545b57-aeed-4c18-a530-d1a5adc94364/metadata.json:    "status": "Succeeded",
/scratch/users/ntu/suffiazi/outputs/encd-atac-pipe-raw-out/97JL7Q3/97JL7Q3_sample3/atac/85b29728-5a93-4202-b2e2-d4b64544670b/metadata.json:    "status": "Succeeded",
/scratch/users/ntu/suffiazi/outputs/encd-atac-pipe-raw-out/97JL7Q3/97JL7Q3_sample9/atac/67d23630-1dee-448d-8e11-2362a72f8278/metadata.json:    "status": "Succeeded",
Number of metadata.json files indicating finished jobs: 7
warning: commands will be executed using /bin/sh
job 54 at Sun Oct  1 19:42:00 2023
Max sample count has not been reached.
The current batch of submitted jobs are still running. Will check again in 1 hour.
/scratch/users/ntu/suffiazi/outputs/encd-atac-pipe-raw-out/97JL7Q3/97JL7Q3_sample12/atac/45f3814c-2c22-4edb-8807-bebf8e38589a/metadata.json:    "status": "Succeeded",
/scratch/users/ntu/suffiazi/outputs/encd-atac-pipe-raw-out/97JL7Q3/97JL7Q3_sample13/atac/16b98c83-0ee1-499b-8749-7c6af0ad93b5/metadata.json:    "status": "Succeeded",
/scratch/users/ntu/suffiazi/outputs/encd-atac-pipe-raw-out/97JL7Q3/97JL7Q3_sample22/atac/472b7530-64ce-46c7-a893-45e7a027b29b/metadata.json:    "status": "Succeeded",
/scratch/users/ntu/suffiazi/outputs/encd-atac-pipe-raw-out/97JL7Q3/97JL7Q3_sample23/atac/546ae45a-ec44-4dac-a27b-adc31d2553a1/metadata.json:    "status": "Succeeded",
/scratch/users/ntu/suffiazi/outputs/encd-atac-pipe-raw-out/97JL7Q3/97JL7Q3_sample29/atac/ed00842e-da60-42b3-b954-bfcc1e22551f/metadata.json:    "status": "Succeeded",
/scratch/users/ntu/suffiazi/outputs/encd-atac-pipe-raw-out/97JL7Q3/97JL7Q3_sample2/atac/d8545b57-aeed-4c18-a530-d1a5adc94364/metadata.json:    "status": "Succeeded",
/scratch/users/ntu/suffiazi/outputs/encd-atac-pipe-raw-out/97JL7Q3/97JL7Q3_sample3/atac/85b29728-5a93-4202-b2e2-d4b64544670b/metadata.json:    "status": "Succeeded",
/scratch/users/ntu/suffiazi/outputs/encd-atac-pipe-raw-out/97JL7Q3/97JL7Q3_sample5/atac/6472b114-cd0a-473f-986d-4180072745e4/metadata.json:    "status": "Succeeded",
/scratch/users/ntu/suffiazi/outputs/encd-atac-pipe-raw-out/97JL7Q3/97JL7Q3_sample7/atac/faa22948-fbac-4b1c-bd77-1b511271cf45/metadata.json:    "status": "Succeeded",
/scratch/users/ntu/suffiazi/outputs/encd-atac-pipe-raw-out/97JL7Q3/97JL7Q3_sample8/atac/a614d42a-1795-4fe4-92fc-8944e870e0bb/metadata.json:    "status": "Succeeded",
/scratch/users/ntu/suffiazi/outputs/encd-atac-pipe-raw-out/97JL7Q3/97JL7Q3_sample9/atac/67d23630-1dee-448d-8e11-2362a72f8278/metadata.json:    "status": "Succeeded",
Number of metadata.json files indicating finished jobs: 11
warning: commands will be executed using /bin/sh
job 55 at Sun Oct  1 20:42:00 2023
Max sample count has not been reached.
The current batch of submitted jobs are still running. Will check again in 1 hour.
/scratch/users/ntu/suffiazi/outputs/encd-atac-pipe-raw-out/97JL7Q3/97JL7Q3_sample12/atac/45f3814c-2c22-4edb-8807-bebf8e38589a/metadata.json:    "status": "Succeeded",
/scratch/users/ntu/suffiazi/outputs/encd-atac-pipe-raw-out/97JL7Q3/97JL7Q3_sample13/atac/16b98c83-0ee1-499b-8749-7c6af0ad93b5/metadata.json:    "status": "Succeeded",
/scratch/users/ntu/suffiazi/outputs/encd-atac-pipe-raw-out/97JL7Q3/97JL7Q3_sample15/atac/a5c8a5a3-f170-45cf-84e0-eb3ea51494f9/metadata.json:    "status": "Succeeded",
/scratch/users/ntu/suffiazi/outputs/encd-atac-pipe-raw-out/97JL7Q3/97JL7Q3_sample16/atac/a3a9c8a3-9c0b-47a5-b4ef-20e3d756b565/metadata.json:    "status": "Succeeded",
/scratch/users/ntu/suffiazi/outputs/encd-atac-pipe-raw-out/97JL7Q3/97JL7Q3_sample17/atac/daad8fe9-3593-4494-b9a9-50ef291fa676/metadata.json:    "status": "Succeeded",
/scratch/users/ntu/suffiazi/outputs/encd-atac-pipe-raw-out/97JL7Q3/97JL7Q3_sample22/atac/472b7530-64ce-46c7-a893-45e7a027b29b/metadata.json:    "status": "Succeeded",
/scratch/users/ntu/suffiazi/outputs/encd-atac-pipe-raw-out/97JL7Q3/97JL7Q3_sample23/atac/546ae45a-ec44-4dac-a27b-adc31d2553a1/metadata.json:    "status": "Succeeded",
/scratch/users/ntu/suffiazi/outputs/encd-atac-pipe-raw-out/97JL7Q3/97JL7Q3_sample29/atac/ed00842e-da60-42b3-b954-bfcc1e22551f/metadata.json:    "status": "Succeeded",
/scratch/users/ntu/suffiazi/outputs/encd-atac-pipe-raw-out/97JL7Q3/97JL7Q3_sample2/atac/d8545b57-aeed-4c18-a530-d1a5adc94364/metadata.json:    "status": "Succeeded",
/scratch/users/ntu/suffiazi/outputs/encd-atac-pipe-raw-out/97JL7Q3/97JL7Q3_sample3/atac/85b29728-5a93-4202-b2e2-d4b64544670b/metadata.json:    "status": "Succeeded",
/scratch/users/ntu/suffiazi/outputs/encd-atac-pipe-raw-out/97JL7Q3/97JL7Q3_sample4/atac/c24c0406-b08f-4d5d-b388-4f58af33395e/metadata.json:    "status": "Succeeded",
/scratch/users/ntu/suffiazi/outputs/encd-atac-pipe-raw-out/97JL7Q3/97JL7Q3_sample5/atac/6472b114-cd0a-473f-986d-4180072745e4/metadata.json:    "status": "Succeeded",
/scratch/users/ntu/suffiazi/outputs/encd-atac-pipe-raw-out/97JL7Q3/97JL7Q3_sample7/atac/faa22948-fbac-4b1c-bd77-1b511271cf45/metadata.json:    "status": "Succeeded",
/scratch/users/ntu/suffiazi/outputs/encd-atac-pipe-raw-out/97JL7Q3/97JL7Q3_sample8/atac/a614d42a-1795-4fe4-92fc-8944e870e0bb/metadata.json:    "status": "Succeeded",
/scratch/users/ntu/suffiazi/outputs/encd-atac-pipe-raw-out/97JL7Q3/97JL7Q3_sample9/atac/67d23630-1dee-448d-8e11-2362a72f8278/metadata.json:    "status": "Succeeded",
Number of metadata.json files indicating finished jobs: 15
warning: commands will be executed using /bin/sh
job 56 at Sun Oct  1 21:42:00 2023
Max sample count has not been reached.
The current batch of submitted jobs are still running. Will check again in 1 hour.
/scratch/users/ntu/suffiazi/outputs/encd-atac-pipe-raw-out/97JL7Q3/97JL7Q3_sample12/atac/45f3814c-2c22-4edb-8807-bebf8e38589a/metadata.json:    "status": "Succeeded",
/scratch/users/ntu/suffiazi/outputs/encd-atac-pipe-raw-out/97JL7Q3/97JL7Q3_sample13/atac/16b98c83-0ee1-499b-8749-7c6af0ad93b5/metadata.json:    "status": "Succeeded",
/scratch/users/ntu/suffiazi/outputs/encd-atac-pipe-raw-out/97JL7Q3/97JL7Q3_sample15/atac/a5c8a5a3-f170-45cf-84e0-eb3ea51494f9/metadata.json:    "status": "Succeeded",
/scratch/users/ntu/suffiazi/outputs/encd-atac-pipe-raw-out/97JL7Q3/97JL7Q3_sample16/atac/a3a9c8a3-9c0b-47a5-b4ef-20e3d756b565/metadata.json:    "status": "Succeeded",
/scratch/users/ntu/suffiazi/outputs/encd-atac-pipe-raw-out/97JL7Q3/97JL7Q3_sample17/atac/daad8fe9-3593-4494-b9a9-50ef291fa676/metadata.json:    "status": "Succeeded",
/scratch/users/ntu/suffiazi/outputs/encd-atac-pipe-raw-out/97JL7Q3/97JL7Q3_sample22/atac/472b7530-64ce-46c7-a893-45e7a027b29b/metadata.json:    "status": "Succeeded",
/scratch/users/ntu/suffiazi/outputs/encd-atac-pipe-raw-out/97JL7Q3/97JL7Q3_sample23/atac/546ae45a-ec44-4dac-a27b-adc31d2553a1/metadata.json:    "status": "Succeeded",
/scratch/users/ntu/suffiazi/outputs/encd-atac-pipe-raw-out/97JL7Q3/97JL7Q3_sample29/atac/ed00842e-da60-42b3-b954-bfcc1e22551f/metadata.json:    "status": "Succeeded",
/scratch/users/ntu/suffiazi/outputs/encd-atac-pipe-raw-out/97JL7Q3/97JL7Q3_sample2/atac/d8545b57-aeed-4c18-a530-d1a5adc94364/metadata.json:    "status": "Succeeded",
/scratch/users/ntu/suffiazi/outputs/encd-atac-pipe-raw-out/97JL7Q3/97JL7Q3_sample3/atac/85b29728-5a93-4202-b2e2-d4b64544670b/metadata.json:    "status": "Succeeded",
/scratch/users/ntu/suffiazi/outputs/encd-atac-pipe-raw-out/97JL7Q3/97JL7Q3_sample4/atac/c24c0406-b08f-4d5d-b388-4f58af33395e/metadata.json:    "status": "Succeeded",
/scratch/users/ntu/suffiazi/outputs/encd-atac-pipe-raw-out/97JL7Q3/97JL7Q3_sample5/atac/6472b114-cd0a-473f-986d-4180072745e4/metadata.json:    "status": "Succeeded",
/scratch/users/ntu/suffiazi/outputs/encd-atac-pipe-raw-out/97JL7Q3/97JL7Q3_sample6/atac/928804d7-22f0-4056-86e9-653df7e95e3e/metadata.json:    "status": "Succeeded",
/scratch/users/ntu/suffiazi/outputs/encd-atac-pipe-raw-out/97JL7Q3/97JL7Q3_sample7/atac/faa22948-fbac-4b1c-bd77-1b511271cf45/metadata.json:    "status": "Succeeded",
/scratch/users/ntu/suffiazi/outputs/encd-atac-pipe-raw-out/97JL7Q3/97JL7Q3_sample8/atac/a614d42a-1795-4fe4-92fc-8944e870e0bb/metadata.json:    "status": "Succeeded",
/scratch/users/ntu/suffiazi/outputs/encd-atac-pipe-raw-out/97JL7Q3/97JL7Q3_sample9/atac/67d23630-1dee-448d-8e11-2362a72f8278/metadata.json:    "status": "Succeeded",
Number of metadata.json files indicating finished jobs: 16
warning: commands will be executed using /bin/sh
job 57 at Sun Oct  1 22:42:00 2023
Max sample count has not been reached.
The current batch of submitted jobs are still running. Will check again in 1 hour.
/scratch/users/ntu/suffiazi/outputs/encd-atac-pipe-raw-out/97JL7Q3/97JL7Q3_sample12/atac/45f3814c-2c22-4edb-8807-bebf8e38589a/metadata.json:    "status": "Succeeded",
/scratch/users/ntu/suffiazi/outputs/encd-atac-pipe-raw-out/97JL7Q3/97JL7Q3_sample13/atac/16b98c83-0ee1-499b-8749-7c6af0ad93b5/metadata.json:    "status": "Succeeded",
/scratch/users/ntu/suffiazi/outputs/encd-atac-pipe-raw-out/97JL7Q3/97JL7Q3_sample15/atac/a5c8a5a3-f170-45cf-84e0-eb3ea51494f9/metadata.json:    "status": "Succeeded",
/scratch/users/ntu/suffiazi/outputs/encd-atac-pipe-raw-out/97JL7Q3/97JL7Q3_sample16/atac/a3a9c8a3-9c0b-47a5-b4ef-20e3d756b565/metadata.json:    "status": "Succeeded",
/scratch/users/ntu/suffiazi/outputs/encd-atac-pipe-raw-out/97JL7Q3/97JL7Q3_sample17/atac/daad8fe9-3593-4494-b9a9-50ef291fa676/metadata.json:    "status": "Succeeded",
/scratch/users/ntu/suffiazi/outputs/encd-atac-pipe-raw-out/97JL7Q3/97JL7Q3_sample22/atac/472b7530-64ce-46c7-a893-45e7a027b29b/metadata.json:    "status": "Succeeded",
/scratch/users/ntu/suffiazi/outputs/encd-atac-pipe-raw-out/97JL7Q3/97JL7Q3_sample23/atac/546ae45a-ec44-4dac-a27b-adc31d2553a1/metadata.json:    "status": "Succeeded",
/scratch/users/ntu/suffiazi/outputs/encd-atac-pipe-raw-out/97JL7Q3/97JL7Q3_sample29/atac/ed00842e-da60-42b3-b954-bfcc1e22551f/metadata.json:    "status": "Succeeded",
/scratch/users/ntu/suffiazi/outputs/encd-atac-pipe-raw-out/97JL7Q3/97JL7Q3_sample2/atac/d8545b57-aeed-4c18-a530-d1a5adc94364/metadata.json:    "status": "Succeeded",
/scratch/users/ntu/suffiazi/outputs/encd-atac-pipe-raw-out/97JL7Q3/97JL7Q3_sample3/atac/85b29728-5a93-4202-b2e2-d4b64544670b/metadata.json:    "status": "Succeeded",
/scratch/users/ntu/suffiazi/outputs/encd-atac-pipe-raw-out/97JL7Q3/97JL7Q3_sample4/atac/c24c0406-b08f-4d5d-b388-4f58af33395e/metadata.json:    "status": "Succeeded",
/scratch/users/ntu/suffiazi/outputs/encd-atac-pipe-raw-out/97JL7Q3/97JL7Q3_sample5/atac/6472b114-cd0a-473f-986d-4180072745e4/metadata.json:    "status": "Succeeded",
/scratch/users/ntu/suffiazi/outputs/encd-atac-pipe-raw-out/97JL7Q3/97JL7Q3_sample6/atac/928804d7-22f0-4056-86e9-653df7e95e3e/metadata.json:    "status": "Succeeded",
/scratch/users/ntu/suffiazi/outputs/encd-atac-pipe-raw-out/97JL7Q3/97JL7Q3_sample7/atac/faa22948-fbac-4b1c-bd77-1b511271cf45/metadata.json:    "status": "Succeeded",
/scratch/users/ntu/suffiazi/outputs/encd-atac-pipe-raw-out/97JL7Q3/97JL7Q3_sample8/atac/a614d42a-1795-4fe4-92fc-8944e870e0bb/metadata.json:    "status": "Succeeded",
/scratch/users/ntu/suffiazi/outputs/encd-atac-pipe-raw-out/97JL7Q3/97JL7Q3_sample9/atac/67d23630-1dee-448d-8e11-2362a72f8278/metadata.json:    "status": "Succeeded",
Number of metadata.json files indicating finished jobs: 16
warning: commands will be executed using /bin/sh
job 58 at Sun Oct  1 23:42:00 2023
Max sample count has not been reached.
No jobs are currently running. Listing successful jobs...
/scratch/users/ntu/suffiazi/outputs/encd-atac-pipe-raw-out/97JL7Q3/97JL7Q3_sample12/atac/45f3814c-2c22-4edb-8807-bebf8e38589a/metadata.json:    "status": "Succeeded",
/scratch/users/ntu/suffiazi/outputs/encd-atac-pipe-raw-out/97JL7Q3/97JL7Q3_sample13/atac/16b98c83-0ee1-499b-8749-7c6af0ad93b5/metadata.json:    "status": "Succeeded",
/scratch/users/ntu/suffiazi/outputs/encd-atac-pipe-raw-out/97JL7Q3/97JL7Q3_sample15/atac/a5c8a5a3-f170-45cf-84e0-eb3ea51494f9/metadata.json:    "status": "Succeeded",
/scratch/users/ntu/suffiazi/outputs/encd-atac-pipe-raw-out/97JL7Q3/97JL7Q3_sample16/atac/a3a9c8a3-9c0b-47a5-b4ef-20e3d756b565/metadata.json:    "status": "Succeeded",
/scratch/users/ntu/suffiazi/outputs/encd-atac-pipe-raw-out/97JL7Q3/97JL7Q3_sample17/atac/daad8fe9-3593-4494-b9a9-50ef291fa676/metadata.json:    "status": "Succeeded",
/scratch/users/ntu/suffiazi/outputs/encd-atac-pipe-raw-out/97JL7Q3/97JL7Q3_sample22/atac/472b7530-64ce-46c7-a893-45e7a027b29b/metadata.json:    "status": "Succeeded",
/scratch/users/ntu/suffiazi/outputs/encd-atac-pipe-raw-out/97JL7Q3/97JL7Q3_sample23/atac/546ae45a-ec44-4dac-a27b-adc31d2553a1/metadata.json:    "status": "Succeeded",
/scratch/users/ntu/suffiazi/outputs/encd-atac-pipe-raw-out/97JL7Q3/97JL7Q3_sample29/atac/ed00842e-da60-42b3-b954-bfcc1e22551f/metadata.json:    "status": "Succeeded",
/scratch/users/ntu/suffiazi/outputs/encd-atac-pipe-raw-out/97JL7Q3/97JL7Q3_sample2/atac/d8545b57-aeed-4c18-a530-d1a5adc94364/metadata.json:    "status": "Succeeded",
/scratch/users/ntu/suffiazi/outputs/encd-atac-pipe-raw-out/97JL7Q3/97JL7Q3_sample3/atac/85b29728-5a93-4202-b2e2-d4b64544670b/metadata.json:    "status": "Succeeded",
/scratch/users/ntu/suffiazi/outputs/encd-atac-pipe-raw-out/97JL7Q3/97JL7Q3_sample4/atac/c24c0406-b08f-4d5d-b388-4f58af33395e/metadata.json:    "status": "Succeeded",
/scratch/users/ntu/suffiazi/outputs/encd-atac-pipe-raw-out/97JL7Q3/97JL7Q3_sample5/atac/6472b114-cd0a-473f-986d-4180072745e4/metadata.json:    "status": "Succeeded",
/scratch/users/ntu/suffiazi/outputs/encd-atac-pipe-raw-out/97JL7Q3/97JL7Q3_sample6/atac/928804d7-22f0-4056-86e9-653df7e95e3e/metadata.json:    "status": "Succeeded",
/scratch/users/ntu/suffiazi/outputs/encd-atac-pipe-raw-out/97JL7Q3/97JL7Q3_sample7/atac/faa22948-fbac-4b1c-bd77-1b511271cf45/metadata.json:    "status": "Succeeded",
/scratch/users/ntu/suffiazi/outputs/encd-atac-pipe-raw-out/97JL7Q3/97JL7Q3_sample8/atac/a614d42a-1795-4fe4-92fc-8944e870e0bb/metadata.json:    "status": "Succeeded",
/scratch/users/ntu/suffiazi/outputs/encd-atac-pipe-raw-out/97JL7Q3/97JL7Q3_sample9/atac/67d23630-1dee-448d-8e11-2362a72f8278/metadata.json:    "status": "Succeeded",
Number of metadata.json files indicating finished jobs: 16
Something is wrong with the current pipeline jobs...
Listing errored jobs...
/scratch/users/ntu/suffiazi/outputs/encd-atac-pipe-raw-out/97JL7Q3/97JL7Q3_sample24/atac/d4ba7724-1ad0-4d77-b8cf-4cd33afe3852/metadata.json
Block 2 watcher script
Ignoring errored jobs. Submitting the next batch of jobs...
/home/users/ntu/suffiazi/scripts/atac-seq-workflow-scripts/encd-atac-pl_submitter-v3-ASPIRE.sh: line 12: module: command not found

___________
Dataset json directory exists. Proceeding...
Dataset-specific output directory exists. Proceeding...
Number of json files in the target directory: 34
Sample ID: sample21
Local output directory: /scratch/users/ntu/suffiazi/outputs/encd-atac-pipe-raw-out/97JL7Q3/97JL7Q3_sample21
2023-10-03 10:47:55,791|caper.hpc|INFO| Running shell command: qsub -P 12003580 -l select=1:ncpus=4:mpiprocs=4:mem=200GB -l walltime=24:00:00 -V -N CAPER_97JL7Q3_sample21 /home/users/ntu/suffiazi/j0_9rn87.sh
3013211.pbs101
Submitted job number 18: /home/users/ntu/suffiazi/scripts/atac-seq-workflow-scripts/output_files/json/97JL7Q3_TCGA-KIRP/97JL7Q3_TCGA-KIRP_sample21.json in elif-block 1
Sample ID: sample31
Local output directory: /scratch/users/ntu/suffiazi/outputs/encd-atac-pipe-raw-out/97JL7Q3/97JL7Q3_sample31
2023-10-03 10:47:59,058|caper.hpc|INFO| Running shell command: qsub -P 12003580 -l select=1:ncpus=4:mpiprocs=4:mem=200GB -l walltime=24:00:00 -V -N CAPER_97JL7Q3_sample31 /home/users/ntu/suffiazi/p1q2lj3i.sh
3013212.pbs101
Submitted job number 19: /home/users/ntu/suffiazi/scripts/atac-seq-workflow-scripts/output_files/json/97JL7Q3_TCGA-KIRP/97JL7Q3_TCGA-KIRP_sample31.json in elif-block 1
Sample ID: sample19
Local output directory: /scratch/users/ntu/suffiazi/outputs/encd-atac-pipe-raw-out/97JL7Q3/97JL7Q3_sample19
2023-10-03 10:48:02,039|caper.hpc|INFO| Running shell command: qsub -P 12003580 -l select=1:ncpus=4:mpiprocs=4:mem=200GB -l walltime=24:00:00 -V -N CAPER_97JL7Q3_sample19 /home/users/ntu/suffiazi/061rv5nd.sh
3013213.pbs101
Submitted job number 20: /home/users/ntu/suffiazi/scripts/atac-seq-workflow-scripts/output_files/json/97JL7Q3_TCGA-KIRP/97JL7Q3_TCGA-KIRP_sample19.json in elif-block 1
Sample ID: sample25
Local output directory: /scratch/users/ntu/suffiazi/outputs/encd-atac-pipe-raw-out/97JL7Q3/97JL7Q3_sample25
2023-10-03 10:48:05,554|caper.hpc|INFO| Running shell command: qsub -P 12003580 -l select=1:ncpus=4:mpiprocs=4:mem=200GB -l walltime=24:00:00 -V -N CAPER_97JL7Q3_sample25 /home/users/ntu/suffiazi/mc5sn3xy.sh
3013214.pbs101
Submitted job number 21: /home/users/ntu/suffiazi/scripts/atac-seq-workflow-scripts/output_files/json/97JL7Q3_TCGA-KIRP/97JL7Q3_TCGA-KIRP_sample25.json in elif-block 1
Sample ID: sample34
Local output directory: /scratch/users/ntu/suffiazi/outputs/encd-atac-pipe-raw-out/97JL7Q3/97JL7Q3_sample34
2023-10-03 10:48:09,842|caper.hpc|INFO| Running shell command: qsub -P 12003580 -l select=1:ncpus=4:mpiprocs=4:mem=200GB -l walltime=24:00:00 -V -N CAPER_97JL7Q3_sample34 /home/users/ntu/suffiazi/tlykd_qi.sh
3013216.pbs101
Submitted job number 22: /home/users/ntu/suffiazi/scripts/atac-seq-workflow-scripts/output_files/json/97JL7Q3_TCGA-KIRP/97JL7Q3_TCGA-KIRP_sample34.json in elif-block 1
Sample ID: sample27
Local output directory: /scratch/users/ntu/suffiazi/outputs/encd-atac-pipe-raw-out/97JL7Q3/97JL7Q3_sample27
2023-10-03 10:48:13,037|caper.hpc|INFO| Running shell command: qsub -P 12003580 -l select=1:ncpus=4:mpiprocs=4:mem=200GB -l walltime=24:00:00 -V -N CAPER_97JL7Q3_sample27 /home/users/ntu/suffiazi/3v9i_owu.sh
3013218.pbs101
Submitted job number 23: /home/users/ntu/suffiazi/scripts/atac-seq-workflow-scripts/output_files/json/97JL7Q3_TCGA-KIRP/97JL7Q3_TCGA-KIRP_sample27.json in elif-block 1
Sample ID: sample32
Local output directory: /scratch/users/ntu/suffiazi/outputs/encd-atac-pipe-raw-out/97JL7Q3/97JL7Q3_sample32
2023-10-03 10:48:16,319|caper.hpc|INFO| Running shell command: qsub -P 12003580 -l select=1:ncpus=4:mpiprocs=4:mem=200GB -l walltime=24:00:00 -V -N CAPER_97JL7Q3_sample32 /home/users/ntu/suffiazi/yccxojb1.sh
3013219.pbs101
Submitted job number 24: /home/users/ntu/suffiazi/scripts/atac-seq-workflow-scripts/output_files/json/97JL7Q3_TCGA-KIRP/97JL7Q3_TCGA-KIRP_sample32.json in elif-block 1
Sample ID: sample11
Local output directory: /scratch/users/ntu/suffiazi/outputs/encd-atac-pipe-raw-out/97JL7Q3/97JL7Q3_sample11
2023-10-03 10:48:19,864|caper.hpc|INFO| Running shell command: qsub -P 12003580 -l select=1:ncpus=4:mpiprocs=4:mem=200GB -l walltime=24:00:00 -V -N CAPER_97JL7Q3_sample11 /home/users/ntu/suffiazi/j6s3qz7w.sh
3013221.pbs101
Submitted job number 25: /home/users/ntu/suffiazi/scripts/atac-seq-workflow-scripts/output_files/json/97JL7Q3_TCGA-KIRP/97JL7Q3_TCGA-KIRP_sample11.json in elif-block 1
Sample ID: sample30
Local output directory: /scratch/users/ntu/suffiazi/outputs/encd-atac-pipe-raw-out/97JL7Q3/97JL7Q3_sample30
2023-10-03 10:48:26,922|caper.hpc|INFO| Running shell command: qsub -P 12003580 -l select=1:ncpus=4:mpiprocs=4:mem=200GB -l walltime=24:00:00 -V -N CAPER_97JL7Q3_sample30 /home/users/ntu/suffiazi/y3_ul0pu.sh
3013223.pbs101
Submitted job number 26: /home/users/ntu/suffiazi/scripts/atac-seq-workflow-scripts/output_files/json/97JL7Q3_TCGA-KIRP/97JL7Q3_TCGA-KIRP_sample30.json in elif-block 1
Sample ID: sample26
Local output directory: /scratch/users/ntu/suffiazi/outputs/encd-atac-pipe-raw-out/97JL7Q3/97JL7Q3_sample26
2023-10-03 10:48:30,333|caper.hpc|INFO| Running shell command: qsub -P 12003580 -l select=1:ncpus=4:mpiprocs=4:mem=200GB -l walltime=24:00:00 -V -N CAPER_97JL7Q3_sample26 /home/users/ntu/suffiazi/waj84hr9.sh
3013224.pbs101
Submitted job number 27: /home/users/ntu/suffiazi/scripts/atac-seq-workflow-scripts/output_files/json/97JL7Q3_TCGA-KIRP/97JL7Q3_TCGA-KIRP_sample26.json in elif-block 1
Sample ID: sample18
Local output directory: /scratch/users/ntu/suffiazi/outputs/encd-atac-pipe-raw-out/97JL7Q3/97JL7Q3_sample18
2023-10-03 10:48:33,504|caper.hpc|INFO| Running shell command: qsub -P 12003580 -l select=1:ncpus=4:mpiprocs=4:mem=200GB -l walltime=24:00:00 -V -N CAPER_97JL7Q3_sample18 /home/users/ntu/suffiazi/3um3poc3.sh
3013225.pbs101
Submitted job number 28: /home/users/ntu/suffiazi/scripts/atac-seq-workflow-scripts/output_files/json/97JL7Q3_TCGA-KIRP/97JL7Q3_TCGA-KIRP_sample18.json in elif-block 1
Sample ID: sample1
Local output directory: /scratch/users/ntu/suffiazi/outputs/encd-atac-pipe-raw-out/97JL7Q3/97JL7Q3_sample1
2023-10-03 10:48:36,728|caper.hpc|INFO| Running shell command: qsub -P 12003580 -l select=1:ncpus=4:mpiprocs=4:mem=200GB -l walltime=24:00:00 -V -N CAPER_97JL7Q3_sample1 /home/users/ntu/suffiazi/91so_g2m.sh
3013226.pbs101
Submitted job number 29: /home/users/ntu/suffiazi/scripts/atac-seq-workflow-scripts/output_files/json/97JL7Q3_TCGA-KIRP/97JL7Q3_TCGA-KIRP_sample1.json in elif-block 1
Sample ID: sample20
Local output directory: /scratch/users/ntu/suffiazi/outputs/encd-atac-pipe-raw-out/97JL7Q3/97JL7Q3_sample20
2023-10-03 10:48:40,128|caper.hpc|INFO| Running shell command: qsub -P 12003580 -l select=1:ncpus=4:mpiprocs=4:mem=200GB -l walltime=24:00:00 -V -N CAPER_97JL7Q3_sample20 /home/users/ntu/suffiazi/iyfh8zyd.sh
3013227.pbs101
Submitted job number 30: /home/users/ntu/suffiazi/scripts/atac-seq-workflow-scripts/output_files/json/97JL7Q3_TCGA-KIRP/97JL7Q3_TCGA-KIRP_sample20.json in elif-block 1
Sample ID: sample33
Local output directory: /scratch/users/ntu/suffiazi/outputs/encd-atac-pipe-raw-out/97JL7Q3/97JL7Q3_sample33
2023-10-03 10:48:43,351|caper.hpc|INFO| Running shell command: qsub -P 12003580 -l select=1:ncpus=4:mpiprocs=4:mem=200GB -l walltime=24:00:00 -V -N CAPER_97JL7Q3_sample33 /home/users/ntu/suffiazi/wxm4fco9.sh
3013228.pbs101
Submitted job number 31: /home/users/ntu/suffiazi/scripts/atac-seq-workflow-scripts/output_files/json/97JL7Q3_TCGA-KIRP/97JL7Q3_TCGA-KIRP_sample33.json in elif-block 1
Sample ID: sample28
Local output directory: /scratch/users/ntu/suffiazi/outputs/encd-atac-pipe-raw-out/97JL7Q3/97JL7Q3_sample28
2023-10-03 10:48:46,670|caper.hpc|INFO| Running shell command: qsub -P 12003580 -l select=1:ncpus=4:mpiprocs=4:mem=200GB -l walltime=24:00:00 -V -N CAPER_97JL7Q3_sample28 /home/users/ntu/suffiazi/k50w9qjg.sh
3013230.pbs101
Submitted job number 32: /home/users/ntu/suffiazi/scripts/atac-seq-workflow-scripts/output_files/json/97JL7Q3_TCGA-KIRP/97JL7Q3_TCGA-KIRP_sample28.json in elif-block 1
Sample ID: sample10
Local output directory: /scratch/users/ntu/suffiazi/outputs/encd-atac-pipe-raw-out/97JL7Q3/97JL7Q3_sample10
2023-10-03 10:48:49,992|caper.hpc|INFO| Running shell command: qsub -P 12003580 -l select=1:ncpus=4:mpiprocs=4:mem=200GB -l walltime=24:00:00 -V -N CAPER_97JL7Q3_sample10 /home/users/ntu/suffiazi/klqtk0w0.sh
3013232.pbs101
Submitted job number 33: /home/users/ntu/suffiazi/scripts/atac-seq-workflow-scripts/output_files/json/97JL7Q3_TCGA-KIRP/97JL7Q3_TCGA-KIRP_sample10.json in elif-block 1
Sample ID: sample14
Local output directory: /scratch/users/ntu/suffiazi/outputs/encd-atac-pipe-raw-out/97JL7Q3/97JL7Q3_sample14
2023-10-03 10:48:53,435|caper.hpc|INFO| Running shell command: qsub -P 12003580 -l select=1:ncpus=4:mpiprocs=4:mem=200GB -l walltime=24:00:00 -V -N CAPER_97JL7Q3_sample14 /home/users/ntu/suffiazi/zv69m1jg.sh
3013233.pbs101
Submitted job number 34: /home/users/ntu/suffiazi/scripts/atac-seq-workflow-scripts/output_files/json/97JL7Q3_TCGA-KIRP/97JL7Q3_TCGA-KIRP_sample14.json in outer elif block.
All samples have been submitted for processing.
Current count is 34
Max sample count is 34
warning: commands will be executed using /bin/sh
job 117 at Tue Oct  3 11:48:00 2023
Watcher script has been scheduled to run in 1 hour.
